c:\users\olabu\desktop\gierka\debug\vc142.pdb
c:\users\olabu\desktop\gierka\debug\vc142.idb
c:\users\olabu\desktop\gierka\debug\okno.obj
c:\users\olabu\desktop\gierka\debug\kalkulator.obj
c:\users\olabu\desktop\gierka\debug\przycisk.obj
c:\users\olabu\desktop\gierka\debug\projekt.obj
c:\users\olabu\desktop\gierka\debug\gierka.exe
c:\users\olabu\desktop\gierka\debug\gierka.ilk
c:\users\olabu\desktop\gierka\debug\gierka.pdb
c:\users\olabu\desktop\gierka\debug\cameracpp.obj
c:\users\olabu\desktop\gierka\debug\game.obj
c:\users\olabu\desktop\gierka\debug\ground.obj
c:\users\olabu\desktop\gierka\debug\main.obj
c:\users\olabu\desktop\gierka\debug\player.obj
c:\users\olabu\desktop\gierka\debug\snake.obj
c:\users\olabu\desktop\gierka\debug\textbox.obj
c:\users\olabu\desktop\gierka\debug\window.obj
c:\users\olabu\desktop\gierka\debug\world.obj
c:\users\olabu\desktop\gierka\debug\źródło.obj
c:\users\olabu\desktop\gierka\debug\gierka.tlog\cl.command.1.tlog
c:\users\olabu\desktop\gierka\debug\gierka.tlog\cl.read.1.tlog
c:\users\olabu\desktop\gierka\debug\gierka.tlog\cl.write.1.tlog
c:\users\olabu\desktop\gierka\debug\gierka.tlog\link.command.1.tlog
c:\users\olabu\desktop\gierka\debug\gierka.tlog\link.read.1.tlog
c:\users\olabu\desktop\gierka\debug\gierka.tlog\link.write.1.tlog
